TN:
SF:src/App.tsx
FN:6,AppContent
FN:20,App
FNF:2
FNH:2
FNDA:5,AppContent
FNDA:5,App
DA:1,1
DA:6,5
DA:7,5
DA:10,5
DA:12,5
DA:13,5
DA:14,5
DA:15,5
DA:16,5
DA:18,5
DA:20,5
DA:21,5
DA:22,5
DA:23,5
DA:24,5
DA:26,5
LF:16
LH:16
BRDA:6,0,0,5
BRDA:20,1,0,5
BRF:2
BRH:2
end_of_record
TN:
SF:src/main.tsx
FN:1,(empty-report)
FNF:1
FNH:0
FNDA:0,(empty-report)
DA:1,0
DA:2,0
DA:3,0
DA:4,0
DA:6,0
DA:7,0
DA:8,0
DA:9,0
DA:10,0
DA:11,0
LF:10
LH:0
BRDA:1,0,0,0
BRF:1
BRH:0
end_of_record
TN:
SF:src/types.ts
FN:1,(empty-report)
FNF:1
FNH:1
FNDA:1,(empty-report)
LF:0
LH:0
BRDA:1,0,0,1
BRF:1
BRH:1
end_of_record
TN:
SF:src/components/Header/Header.tsx
FN:5,Header
FN:9,handleLogout
FNF:2
FNH:2
FNDA:7,Header
FNDA:1,handleLogout
DA:1,1
DA:5,1
DA:6,7
DA:7,7
DA:9,7
DA:10,1
DA:11,1
DA:12,1
DA:14,7
DA:15,7
DA:16,7
DA:17,7
DA:18,7
DA:19,4
DA:20,4
DA:22,4
DA:23,4
DA:25,4
DA:26,4
DA:28,7
DA:29,3
DA:30,3
DA:32,3
DA:33,3
DA:35,3
DA:36,3
DA:38,3
DA:39,3
DA:41,3
DA:42,3
DA:44,7
DA:45,7
DA:47,7
LF:33
LH:33
BRDA:5,0,0,7
BRDA:18,1,0,4
BRDA:28,2,0,3
BRDA:9,3,0,1
BRF:4
BRH:4
end_of_record
TN:
SF:src/components/RequireAuth/RequireAuth.tsx
FN:31,RequireAuth
FNF:1
FNH:1
FNDA:9,RequireAuth
DA:1,1
DA:31,1
DA:32,9
DA:33,9
DA:35,9
DA:36,9
DA:37,9
DA:44,9
DA:45,8
DA:46,4
DA:47,4
DA:48,9
DA:51,9
DA:52,9
LF:14
LH:14
BRDA:31,0,0,9
BRDA:51,1,0,5
BRDA:44,2,0,8
BRDA:45,3,0,4
BRF:4
BRH:4
end_of_record
TN:
SF:src/components/SetupTOTP/SetupTOTP.tsx
FN:7,SetupTOTP
FN:29,onClick
FNF:2
FNH:2
FNDA:8,SetupTOTP
FNDA:1,onClick
DA:1,1
DA:7,8
DA:8,8
DA:9,8
DA:11,8
DA:12,0
DA:13,0
DA:15,8
DA:16,8
DA:17,8
DA:18,8
DA:19,8
DA:20,8
DA:21,8
DA:22,8
DA:23,8
DA:24,8
DA:25,8
DA:27,8
DA:28,8
DA:29,8
DA:31,8
DA:32,8
DA:33,8
DA:35,8
LF:25
LH:23
BRDA:7,0,0,8
BRDA:11,1,0,0
BRDA:29,2,0,1
BRF:3
BRH:2
end_of_record
TN:
SF:src/components/Toast/Toast.tsx
FN:38,Toast
FNF:1
FNH:1
FNDA:19,Toast
DA:1,1
DA:38,19
DA:39,19
DA:40,19
DA:41,19
DA:42,19
DA:43,19
DA:44,19
DA:45,19
DA:46,19
DA:47,18
DA:49,18
DA:51,19
DA:53,19
LF:14
LH:14
BRDA:38,0,0,19
BRDA:46,1,0,18
BRF:2
BRH:2
end_of_record
TN:
SF:src/components/chat/GroupMessageBubble.tsx
FN:12,GroupMessageBubble
FNF:1
FNH:1
FNDA:16,GroupMessageBubble
DA:1,1
DA:12,16
DA:13,16
DA:14,16
DA:15,16
DA:16,16
DA:17,13
DA:18,13
DA:19,13
DA:21,16
DA:22,16
DA:23,16
DA:24,16
DA:25,16
DA:26,16
DA:27,16
DA:28,16
DA:29,16
DA:30,16
DA:31,16
DA:32,16
DA:34,16
LF:22
LH:22
BRDA:12,0,0,16
BRDA:14,1,0,3
BRDA:14,2,0,13
BRDA:15,3,0,3
BRDA:15,4,0,13
BRDA:15,5,0,3
BRDA:15,6,0,2
BRDA:15,7,0,1
BRDA:15,8,0,13
BRDA:16,9,0,13
BRDA:23,10,0,3
BRF:11
BRH:11
end_of_record
TN:
SF:src/components/chat/MessageBubble.tsx
FN:12,MessageBubble
FNF:1
FNH:1
FNDA:13,MessageBubble
DA:1,1
DA:12,13
DA:13,13
DA:14,13
DA:15,13
DA:16,13
DA:17,13
DA:18,13
DA:19,13
DA:20,13
DA:21,13
DA:22,13
DA:23,13
DA:24,13
DA:25,13
DA:26,13
DA:27,13
DA:29,13
LF:18
LH:18
BRDA:12,0,0,13
BRDA:14,1,0,2
BRDA:14,2,0,11
BRDA:15,3,0,2
BRDA:15,4,0,11
BRDA:15,5,0,3
BRDA:15,6,0,2
BRDA:15,7,0,1
BRDA:15,8,0,10
BRDA:18,9,0,3
BRF:10
BRH:10
end_of_record
TN:
SF:src/components/chat/MessageInput.tsx
FN:11,MessageInput
FN:14,handleSend
FN:27,onChange
FN:28,onKeyDown
FNF:4
FNH:4
FNDA:30,MessageInput
FNDA:9,handleSend
FNDA:10,onChange
FNDA:4,onKeyDown
DA:1,1
DA:3,1
DA:4,1
DA:5,1
DA:11,1
DA:12,30
DA:14,30
DA:15,9
DA:16,7
DA:17,7
DA:18,9
DA:20,30
DA:21,30
DA:22,30
DA:23,30
DA:24,30
DA:25,30
DA:26,30
DA:27,30
DA:28,30
DA:29,4
DA:30,2
DA:31,2
DA:32,4
DA:33,30
DA:34,30
DA:35,30
DA:36,30
DA:37,30
DA:39,30
DA:41,1
LF:31
LH:31
BRDA:11,0,0,30
BRDA:14,1,0,9
BRDA:15,2,0,2
BRDA:15,3,0,7
BRDA:27,4,0,10
BRDA:28,5,0,4
BRDA:29,6,0,2
BRF:7
BRH:7
end_of_record
TN:
SF:src/components/chat/SignToggle.tsx
FN:12,SignToggle
FN:19,onChange
FNF:2
FNH:2
FNDA:11,SignToggle
FNDA:4,onChange
DA:1,1
DA:12,11
DA:13,11
DA:14,11
DA:15,11
DA:16,11
DA:17,11
DA:18,11
DA:19,11
DA:20,11
DA:21,11
DA:22,11
DA:23,11
DA:25,11
DA:26,11
DA:28,11
LF:16
LH:16
BRDA:12,0,0,11
BRDA:19,1,0,4
BRF:2
BRH:2
end_of_record
TN:
SF:src/components/layout/NavBar.tsx
FN:8,NavBar
FN:12,handleLogout
FN:22,className
FNF:3
FNH:3
FNDA:8,NavBar
FNDA:1,handleLogout
FNDA:8,className
DA:1,1
DA:8,8
DA:9,8
DA:10,8
DA:12,8
DA:13,1
DA:14,1
DA:15,1
DA:17,8
DA:18,8
DA:19,8
DA:20,8
DA:21,8
DA:22,8
DA:23,8
DA:25,8
DA:27,8
DA:28,8
DA:29,8
DA:31,8
DA:32,8
DA:34,8
LF:22
LH:22
BRDA:8,0,0,8
BRDA:9,1,0,8
BRDA:12,2,0,1
BRDA:22,3,0,8
BRDA:23,4,0,0
BRF:5
BRH:4
end_of_record
TN:
SF:src/components/layout/Sidebar.tsx
FN:12,Sidebar
FN:30,onClick
FNF:2
FNH:2
FNDA:15,Sidebar
FNDA:3,onClick
DA:1,1
DA:12,15
DA:13,15
DA:15,15
DA:16,15
DA:17,15
DA:18,15
DA:20,15
DA:21,15
DA:22,15
DA:23,38
DA:24,38
DA:25,38
DA:26,37
DA:27,37
DA:28,37
DA:29,38
DA:30,38
DA:32,38
DA:33,38
DA:34,38
DA:36,15
DA:37,15
DA:38,15
DA:40,15
LF:25
LH:25
BRDA:12,0,0,15
BRDA:22,1,0,38
BRDA:25,2,0,1
BRDA:25,3,0,37
BRDA:29,4,0,14
BRDA:29,5,0,23
BRDA:30,6,0,3
BRF:7
BRH:7
end_of_record
TN:
SF:src/constants/validatros.ts
FN:19,validateEmail
FNF:1
FNH:1
FNDA:29,validateEmail
DA:19,1
DA:20,29
LF:2
LH:2
BRDA:19,0,0,29
BRF:1
BRH:1
end_of_record
TN:
SF:src/lib/api.ts
FN:35,signup
FN:46,signin
FNF:2
FNH:2
FNDA:1,signup
FNDA:1,signin
DA:1,1
DA:3,1
DA:4,1
DA:5,1
DA:8,1
DA:9,1
DA:10,0
DA:11,0
DA:12,0
DA:13,0
DA:14,0
DA:15,0
DA:16,1
DA:17,0
DA:18,0
DA:19,1
DA:22,1
DA:23,1
DA:24,1
DA:25,0
DA:27,0
DA:28,0
DA:30,0
DA:31,0
DA:32,0
DA:33,1
DA:35,1
DA:36,1
DA:37,1
DA:38,1
DA:39,1
DA:40,1
DA:41,1
DA:42,1
DA:43,1
DA:44,1
DA:46,1
DA:47,1
DA:49,1
DA:50,1
LF:40
LH:26
BRDA:35,0,0,1
BRDA:46,1,0,1
BRF:2
BRH:2
end_of_record
TN:
SF:src/lib/logger.ts
FN:22,redact
FN:39,devLog
FN:51,devWarn
FN:61,devError
FNF:4
FNH:4
FNDA:31,redact
FNDA:25,devLog
FNDA:2,devWarn
FNDA:6,devError
DA:6,1
DA:7,1
DA:8,1
DA:9,1
DA:10,1
DA:11,1
DA:12,1
DA:13,1
DA:14,1
DA:15,1
DA:16,1
DA:17,1
DA:22,31
DA:23,31
DA:24,31
DA:26,31
DA:27,31
DA:28,99
DA:29,19
DA:30,19
DA:31,80
DA:32,31
DA:33,31
DA:34,31
DA:39,1
DA:40,25
DA:41,25
DA:42,48
DA:43,25
DA:44,25
DA:45,25
DA:46,25
DA:51,1
DA:52,2
DA:53,4
DA:54,2
DA:55,2
DA:56,2
DA:61,1
DA:62,6
DA:63,10
DA:64,6
DA:65,6
DA:66,6
LF:44
LH:44
BRDA:22,0,0,31
BRDA:23,1,0,0
BRDA:24,2,0,0
BRDA:27,3,0,99
BRDA:28,4,0,19
BRDA:30,5,0,80
BRDA:39,6,0,25
BRDA:41,7,0,48
BRDA:42,8,0,24
BRDA:42,9,0,23
BRDA:42,10,0,25
BRDA:51,11,0,2
BRDA:52,12,0,4
BRDA:53,13,0,2
BRDA:53,14,0,2
BRDA:53,15,0,2
BRDA:61,16,0,6
BRDA:62,17,0,10
BRDA:63,18,0,6
BRDA:63,19,0,6
BRDA:63,20,0,4
BRF:21
BRH:19
end_of_record
TN:
SF:src/pages/Chat/GroupChatPage.tsx
FN:12,GroupChatPage
FN:27,createGroup
FN:55,handleAddUser
FN:106,send
FN:128,onClick
FN:165,onChange
FN:178,onClick
FN:214,onClick
FN:240,onChange
FNF:9
FNH:9
FNDA:58,GroupChatPage
FNDA:2,createGroup
FNDA:2,handleAddUser
FNDA:1,send
FNDA:4,onClick
FNDA:2,onChange
FNDA:1,onClick
FNDA:7,onClick
FNDA:2,onChange
DA:1,1
DA:12,58
DA:13,58
DA:14,58
DA:15,58
DA:16,58
DA:18,58
DA:19,58
DA:20,58
DA:21,58
DA:22,58
DA:24,58
DA:25,58
DA:27,58
DA:28,2
DA:29,2
DA:30,2
DA:31,2
DA:32,2
DA:33,2
DA:35,1
DA:36,1
DA:37,1
DA:38,1
DA:39,1
DA:41,1
DA:42,1
DA:43,1
DA:45,1
DA:46,1
DA:47,1
DA:48,1
DA:49,1
DA:50,1
DA:51,1
DA:52,1
DA:53,2
DA:55,58
DA:56,2
DA:57,2
DA:58,2
DA:59,2
DA:60,2
DA:61,2
DA:62,1
DA:63,1
DA:64,1
DA:65,1
DA:66,1
DA:67,1
DA:68,1
DA:69,1
DA:70,1
DA:71,1
DA:72,2
DA:74,58
DA:75,15
DA:76,14
DA:77,14
DA:78,14
DA:79,14
DA:80,58
DA:82,58
DA:83,30
DA:84,15
DA:85,15
DA:86,15
DA:87,15
DA:88,58
DA:90,58
DA:91,23
DA:92,8
DA:93,8
DA:94,8
DA:95,8
DA:96,58
DA:98,58
DA:99,23
DA:100,8
DA:101,8
DA:102,8
DA:103,8
DA:104,58
DA:106,58
DA:107,1
DA:108,1
DA:109,1
DA:110,1
DA:111,1
DA:112,1
DA:113,1
DA:115,1
DA:116,1
DA:117,1
DA:119,1
DA:120,1
DA:121,0
DA:122,0
DA:123,1
DA:125,58
DA:126,58
DA:127,58
DA:128,58
DA:129,58
DA:130,58
DA:131,58
DA:132,58
DA:133,58
DA:134,58
DA:135,58
DA:136,58
DA:137,58
DA:138,58
DA:139,58
DA:141,58
DA:143,58
DA:144,10
DA:145,10
DA:146,10
DA:147,10
DA:148,10
DA:149,10
DA:150,10
DA:151,10
DA:152,10
DA:153,10
DA:154,10
DA:155,10
DA:156,10
DA:157,10
DA:158,10
DA:159,10
DA:160,10
DA:161,10
DA:162,10
DA:163,10
DA:164,10
DA:165,10
DA:166,10
DA:167,10
DA:168,10
DA:169,10
DA:170,10
DA:171,10
DA:172,10
DA:173,10
DA:174,10
DA:175,10
DA:176,10
DA:177,10
DA:178,10
DA:179,10
DA:180,10
DA:181,10
DA:182,10
DA:183,10
DA:184,10
DA:185,10
DA:187,10
DA:188,10
DA:189,10
DA:190,10
DA:191,10
DA:192,10
DA:193,10
DA:194,10
DA:195,10
DA:196,10
DA:198,10
DA:199,10
DA:200,10
DA:201,10
DA:204,58
DA:205,58
DA:207,58
DA:209,58
DA:210,58
DA:211,31
DA:212,31
DA:213,31
DA:214,31
DA:215,31
DA:216,31
DA:217,31
DA:218,31
DA:219,31
DA:220,31
DA:221,31
DA:222,31
DA:223,31
DA:224,31
DA:226,31
DA:227,31
DA:228,31
DA:230,58
DA:232,58
DA:233,28
DA:234,28
DA:235,28
DA:237,58
DA:238,14
DA:239,14
DA:240,14
DA:241,14
DA:242,14
DA:243,14
DA:244,14
DA:245,14
DA:246,14
DA:247,14
DA:248,14
DA:250,14
DA:251,14
DA:252,8
DA:253,14
DA:254,14
DA:255,14
DA:256,14
DA:257,14
DA:258,14
DA:259,14
DA:260,14
DA:261,14
DA:262,14
DA:263,14
DA:264,14
DA:265,14
DA:266,14
DA:267,14
DA:268,14
DA:269,14
DA:271,14
DA:272,14
DA:274,58
DA:275,58
DA:277,58
DA:278,58
DA:279,58
DA:280,58
DA:282,58
DA:283,22
DA:284,22
DA:285,22
DA:286,44
DA:287,44
DA:288,44
DA:289,44
DA:290,44
DA:291,22
DA:292,22
DA:294,22
DA:295,22
DA:296,22
DA:297,22
DA:298,22
DA:300,58
DA:301,58
DA:303,58
LF:258
LH:256
BRDA:12,0,0,58
BRDA:143,1,0,10
BRDA:194,2,0,2
BRDA:194,3,0,8
BRDA:195,4,0,2
BRDA:195,5,0,8
BRDA:232,6,0,28
BRDA:237,7,0,22
BRDA:237,8,0,14
BRDA:266,9,0,2
BRDA:266,10,0,12
BRDA:267,11,0,2
BRDA:267,12,0,12
BRDA:279,13,0,22
BRDA:282,14,0,22
BRDA:24,15,0,58
BRDA:25,16,0,58
BRDA:27,17,0,2
BRDA:33,18,0,1
BRDA:55,19,0,2
BRDA:61,20,0,1
BRDA:65,21,0,1
BRDA:74,22,0,15
BRDA:75,23,0,1
BRDA:75,24,0,14
BRDA:78,25,0,14
BRDA:82,26,0,30
BRDA:83,27,0,15
BRDA:86,28,0,15
BRDA:90,29,0,23
BRDA:91,30,0,15
BRDA:91,31,0,8
BRDA:94,32,0,8
BRDA:98,33,0,23
BRDA:99,34,0,15
BRDA:99,35,0,8
BRDA:102,36,0,8
BRDA:106,37,0,1
BRDA:120,38,0,0
BRDA:128,39,0,4
BRDA:165,40,0,2
BRDA:178,41,0,1
BRDA:210,42,0,31
BRDA:218,43,0,22
BRDA:218,44,0,9
BRDA:214,45,0,7
BRDA:240,46,0,2
BRDA:251,47,0,8
BRDA:285,48,0,44
BRF:49
BRH:48
end_of_record
TN:
SF:src/pages/Chat/P2PChatPage.tsx
FN:14,ChatPage
FN:55,send
FNF:2
FNH:2
FNDA:28,ChatPage
FNDA:3,send
DA:1,1
DA:14,28
DA:15,28
DA:17,28
DA:18,28
DA:19,28
DA:21,28
DA:22,28
DA:24,28
DA:25,11
DA:26,1
DA:27,1
DA:28,11
DA:29,1
DA:30,1
DA:31,28
DA:33,28
DA:34,11
DA:35,11
DA:36,11
DA:37,11
DA:38,11
DA:39,11
DA:40,11
DA:41,11
DA:42,28
DA:44,28
DA:45,17
DA:46,6
DA:47,6
DA:48,6
DA:49,6
DA:50,6
DA:51,6
DA:52,6
DA:53,28
DA:55,28
DA:56,3
DA:57,3
DA:58,3
DA:59,3
DA:60,3
DA:61,3
DA:62,3
DA:63,3
DA:64,3
DA:65,2
DA:66,2
DA:67,2
DA:68,2
DA:69,2
DA:70,2
DA:71,3
DA:72,1
DA:73,1
DA:74,3
DA:76,28
DA:77,28
DA:78,28
DA:79,28
DA:80,28
DA:82,28
DA:83,28
DA:84,28
DA:85,28
DA:87,28
DA:88,7
DA:89,7
DA:90,7
DA:91,14
DA:92,14
DA:93,14
DA:94,14
DA:95,14
DA:96,7
DA:97,7
DA:99,7
DA:100,7
DA:101,7
DA:102,7
DA:103,7
DA:105,28
DA:106,28
DA:108,28
LF:84
LH:84
BRDA:14,0,0,28
BRDA:84,1,0,7
BRDA:84,2,0,21
BRDA:87,3,0,7
BRDA:21,4,0,28
BRDA:22,5,0,28
BRDA:24,6,0,11
BRDA:25,7,0,1
BRDA:28,8,0,1
BRDA:33,9,0,11
BRDA:39,10,0,10
BRDA:40,11,0,1
BRDA:44,12,0,17
BRDA:45,13,0,11
BRDA:45,14,0,6
BRDA:51,15,0,5
BRDA:52,16,0,1
BRDA:55,17,0,3
BRDA:64,18,0,2
BRDA:71,19,0,1
BRDA:90,20,0,14
BRF:21
BRH:21
end_of_record
TN:
SF:src/pages/Login/Login.tsx
FN:32,Login
FN:64,handleLogin
FN:128,onChange
FN:134,onChange
FN:139,onChange
FN:146,onClick
FN:158,onClose
FNF:7
FNH:7
FNDA:38,Login
FNDA:8,handleLogin
FNDA:6,onChange
FNDA:6,onChange
FNDA:6,onChange
FNDA:1,onClick
FNDA:1,onClose
DA:1,1
DA:32,38
DA:34,38
DA:35,38
DA:36,38
DA:39,38
DA:40,38
DA:42,38
DA:43,38
DA:48,38
DA:49,11
DA:50,1
DA:51,1
DA:52,1
DA:53,38
DA:64,38
DA:66,8
DA:69,8
DA:70,2
DA:71,2
DA:72,2
DA:73,2
DA:74,8
DA:75,1
DA:76,1
DA:77,1
DA:78,1
DA:79,8
DA:80,1
DA:81,1
DA:82,1
DA:83,1
DA:84,8
DA:85,2
DA:86,2
DA:87,2
DA:88,2
DA:91,2
DA:92,2
DA:93,1
DA:95,1
DA:98,1
DA:99,1
DA:100,1
DA:103,1
DA:105,1
DA:106,1
DA:109,1
DA:110,0
DA:111,0
DA:112,1
DA:113,1
DA:114,1
DA:115,1
DA:116,1
DA:117,1
DA:118,8
DA:120,38
DA:121,38
DA:122,38
DA:123,38
DA:125,38
DA:126,38
DA:127,38
DA:128,38
DA:129,38
DA:130,38
DA:131,38
DA:132,38
DA:133,38
DA:134,38
DA:135,38
DA:136,38
DA:137,38
DA:138,38
DA:139,38
DA:140,38
DA:141,38
DA:142,38
DA:144,38
DA:145,38
DA:146,38
DA:147,38
DA:148,38
DA:150,38
DA:151,38
DA:152,38
DA:154,38
DA:155,8
DA:156,8
DA:157,8
DA:158,8
DA:159,8
DA:161,38
DA:163,38
LF:95
LH:93
BRDA:32,0,0,38
BRDA:154,1,0,8
BRDA:48,2,0,11
BRDA:49,3,0,1
BRDA:64,4,0,8
BRDA:69,5,0,6
BRDA:69,6,0,6
BRDA:69,7,0,2
BRDA:73,8,0,6
BRDA:74,9,0,1
BRDA:78,10,0,5
BRDA:79,11,0,1
BRDA:83,12,0,4
BRDA:84,13,0,3
BRDA:84,14,0,2
BRDA:92,15,0,1
BRDA:128,16,0,6
BRDA:134,17,0,6
BRDA:139,18,0,6
BRDA:146,19,0,1
BRDA:158,20,0,1
BRF:21
BRH:21
end_of_record
TN:
SF:src/pages/OAuthCallback/OAuthCallback.tsx
FN:6,OAuthCallback
FNF:1
FNH:1
FNDA:5,OAuthCallback
DA:1,1
DA:6,5
DA:7,5
DA:8,5
DA:10,5
DA:11,5
DA:12,5
DA:13,5
DA:15,5
DA:16,1
DA:17,1
DA:19,1
DA:20,5
DA:21,4
DA:22,4
DA:23,5
DA:25,5
DA:26,5
LF:18
LH:18
BRDA:6,0,0,5
BRDA:10,1,0,5
BRDA:15,2,0,2
BRDA:15,3,0,1
BRDA:20,4,0,4
BRF:5
BRH:5
end_of_record
TN:
SF:src/pages/Other/RequestInterface.tsx
FN:8,RequestInterface
FN:50,renderTransactionsVerify
FN:59,renderTransactions
FN:93,handleSubmitGroup
FN:101,renderHashGroup
FN:104,onChange
FN:144,handleSubmitP2P
FN:152,renderHashP2P
FN:155,onChange
FN:177,onChange
FN:222,onClick
FN:228,onClick
FN:234,onClick
FN:240,onClick
FNF:14
FNH:13
FNDA:59,RequestInterface
FNDA:21,renderTransactionsVerify
FNDA:10,renderTransactions
FNDA:2,handleSubmitGroup
FNDA:13,renderHashGroup
FNDA:2,onChange
FNDA:2,handleSubmitP2P
FNDA:15,renderHashP2P
FNDA:2,onChange
FNDA:2,onChange
FNDA:0,onClick
FNDA:5,onClick
FNDA:5,onClick
FNDA:5,onClick
DA:1,1
DA:8,59
DA:9,59
DA:10,59
DA:12,59
DA:13,59
DA:14,59
DA:15,59
DA:17,59
DA:18,59
DA:20,59
DA:21,59
DA:22,59
DA:24,59
DA:25,32
DA:26,17
DA:27,17
DA:28,16
DA:29,16
DA:30,17
DA:31,17
DA:32,17
DA:33,15
DA:34,5
DA:35,5
DA:36,5
DA:37,5
DA:38,10
DA:39,5
DA:40,5
DA:41,5
DA:42,5
DA:43,5
DA:44,5
DA:45,5
DA:46,5
DA:47,5
DA:48,59
DA:50,59
DA:51,21
DA:52,21
DA:53,17
DA:55,4
DA:56,21
DA:59,59
DA:60,10
DA:61,10
DA:62,10
DA:63,8
DA:65,2
DA:66,2
DA:67,2
DA:68,2
DA:69,2
DA:70,2
DA:71,2
DA:72,2
DA:74,2
DA:75,2
DA:76,2
DA:77,2
DA:78,3
DA:79,3
DA:80,3
DA:81,3
DA:82,3
DA:83,3
DA:84,2
DA:85,2
DA:86,2
DA:87,2
DA:88,2
DA:90,10
DA:93,59
DA:94,2
DA:95,2
DA:96,1
DA:97,1
DA:98,2
DA:99,2
DA:100,2
DA:101,59
DA:102,13
DA:103,13
DA:104,13
DA:105,13
DA:106,13
DA:107,13
DA:108,13
DA:109,13
DA:110,13
DA:111,13
DA:112,13
DA:113,13
DA:114,13
DA:116,13
DA:117,10
DA:119,10
DA:121,13
DA:122,8
DA:123,13
DA:124,13
DA:125,13
DA:126,13
DA:127,13
DA:128,13
DA:129,13
DA:130,13
DA:131,13
DA:132,13
DA:133,13
DA:134,13
DA:135,13
DA:136,13
DA:137,13
DA:139,13
DA:140,13
DA:141,13
DA:144,59
DA:145,2
DA:146,2
DA:147,1
DA:148,1
DA:149,2
DA:150,2
DA:151,2
DA:152,59
DA:153,15
DA:154,15
DA:155,15
DA:156,15
DA:157,15
DA:158,15
DA:159,15
DA:160,15
DA:161,15
DA:162,15
DA:163,15
DA:164,15
DA:165,15
DA:167,15
DA:168,10
DA:170,10
DA:172,15
DA:173,17
DA:174,15
DA:175,15
DA:176,15
DA:177,15
DA:178,15
DA:179,15
DA:180,15
DA:181,15
DA:182,15
DA:183,15
DA:184,15
DA:185,15
DA:186,15
DA:187,15
DA:189,15
DA:190,12
DA:192,12
DA:194,15
DA:195,17
DA:196,15
DA:197,15
DA:198,15
DA:199,15
DA:200,15
DA:201,15
DA:202,15
DA:203,15
DA:204,15
DA:205,15
DA:206,15
DA:207,15
DA:208,15
DA:209,15
DA:210,15
DA:212,15
DA:213,15
DA:214,15
DA:217,59
DA:218,59
DA:219,59
DA:220,59
DA:221,59
DA:222,59
DA:223,59
DA:225,59
DA:226,59
DA:227,59
DA:228,59
DA:229,59
DA:231,59
DA:232,59
DA:233,59
DA:234,59
DA:235,59
DA:237,59
DA:238,59
DA:239,59
DA:240,59
DA:241,59
DA:243,59
DA:244,59
DA:247,59
DA:248,59
DA:249,59
DA:250,59
DA:251,59
DA:252,59
DA:253,59
DA:255,59
LF:214
LH:214
BRDA:8,0,0,59
BRDA:221,1,0,21
BRDA:221,2,0,38
BRDA:227,3,0,10
BRDA:227,4,0,49
BRDA:233,5,0,13
BRDA:233,6,0,46
BRDA:239,7,0,15
BRDA:239,8,0,44
BRDA:248,9,0,21
BRDA:249,10,0,10
BRDA:250,11,0,13
BRDA:251,12,0,15
BRDA:24,13,0,32
BRDA:25,14,0,17
BRDA:32,15,0,15
BRDA:33,16,0,5
BRDA:37,17,0,10
BRDA:38,18,0,5
BRDA:27,19,0,16
BRDA:31,20,0,1
BRDA:35,21,0,4
BRDA:36,22,0,1
BRDA:40,23,0,4
BRDA:41,24,0,1
BRDA:45,25,0,4
BRDA:46,26,0,1
BRDA:50,27,0,21
BRDA:52,28,0,17
BRDA:53,29,0,4
BRDA:59,30,0,10
BRDA:62,31,0,8
BRDA:63,32,0,2
BRDA:65,33,0,2
BRDA:77,34,0,3
BRDA:79,35,0,2
BRDA:79,36,0,1
BRDA:93,37,0,2
BRDA:95,38,0,1
BRDA:99,39,0,1
BRDA:101,40,0,13
BRDA:116,41,0,10
BRDA:104,42,0,2
BRDA:121,43,0,8
BRDA:144,44,0,2
BRDA:146,45,0,1
BRDA:150,46,0,1
BRDA:152,47,0,15
BRDA:167,48,0,10
BRDA:189,49,0,12
BRDA:155,50,0,2
BRDA:172,51,0,17
BRDA:177,52,0,2
BRDA:194,53,0,17
BRDA:228,54,0,5
BRDA:234,55,0,5
BRDA:240,56,0,5
BRF:57
BRH:57
end_of_record
TN:
SF:src/pages/SignUp/Signup.tsx
FN:10,Signup
FN:40,handleSignup
FN:96,handleGoogleSignup
FN:110,onChange
FN:116,onChange
FN:146,onClick
FN:160,onClose
FNF:7
FNH:7
FNDA:35,Signup
FNDA:9,handleSignup
FNDA:1,handleGoogleSignup
FNDA:7,onChange
FNDA:7,onChange
FNDA:1,onClick
FNDA:1,onClose
DA:1,1
DA:10,35
DA:12,35
DA:13,35
DA:16,35
DA:17,35
DA:18,35
DA:21,35
DA:22,35
DA:24,35
DA:25,35
DA:28,35
DA:29,35
DA:30,35
DA:31,0
DA:32,0
DA:33,0
DA:34,35
DA:40,35
DA:42,9
DA:45,9
DA:46,2
DA:47,2
DA:48,2
DA:49,2
DA:50,9
DA:51,1
DA:52,1
DA:53,1
DA:54,1
DA:55,9
DA:56,1
DA:57,1
DA:58,1
DA:59,1
DA:62,5
DA:63,5
DA:64,2
DA:65,2
DA:66,2
DA:67,2
DA:68,2
DA:69,2
DA:70,9
DA:72,3
DA:75,3
DA:78,2
DA:79,1
DA:80,1
DA:81,1
DA:82,1
DA:83,1
DA:84,1
DA:85,1
DA:86,1
DA:87,3
DA:89,1
DA:90,1
DA:91,1
DA:92,3
DA:93,9
DA:96,35
DA:97,1
DA:98,1
DA:100,35
DA:101,35
DA:102,35
DA:103,35
DA:106,35
DA:107,33
DA:108,33
DA:109,33
DA:110,33
DA:111,33
DA:112,33
DA:113,33
DA:114,33
DA:115,33
DA:116,33
DA:117,33
DA:118,33
DA:119,33
DA:121,33
DA:124,33
DA:125,33
DA:126,33
DA:127,33
DA:129,33
DA:130,33
DA:133,2
DA:134,2
DA:135,2
DA:136,2
DA:137,2
DA:138,2
DA:139,2
DA:140,2
DA:141,2
DA:143,2
DA:144,2
DA:145,2
DA:146,2
DA:147,2
DA:148,2
DA:150,2
DA:151,2
DA:153,35
DA:156,35
DA:157,9
DA:158,9
DA:159,9
DA:160,9
DA:161,9
DA:163,35
DA:165,35
LF:115
LH:112
BRDA:10,0,0,35
BRDA:106,1,0,33
BRDA:130,2,0,2
BRDA:156,3,0,9
BRDA:28,4,0,35
BRDA:30,5,0,0
BRDA:40,6,0,9
BRDA:45,7,0,7
BRDA:45,8,0,2
BRDA:49,9,0,7
BRDA:50,10,0,1
BRDA:54,11,0,6
BRDA:55,12,0,1
BRDA:59,13,0,5
BRDA:63,14,0,2
BRDA:70,15,0,3
BRDA:75,16,0,2
BRDA:78,17,0,1
BRDA:87,18,0,1
BRDA:96,19,0,1
BRDA:110,20,0,7
BRDA:116,21,0,7
BRDA:146,22,0,1
BRDA:160,23,0,1
BRF:24
BRH:23
end_of_record
TN:
SF:src/routes/AppRoutes.tsx
FN:12,AppRoutes
FNF:1
FNH:1
FNDA:7,AppRoutes
DA:1,1
DA:12,7
DA:13,7
DA:14,7
DA:15,7
DA:16,7
DA:17,7
DA:18,7
DA:19,7
DA:20,7
DA:22,7
DA:23,7
DA:24,7
DA:25,7
DA:26,7
DA:27,7
DA:28,7
DA:30,7
DA:31,7
DA:32,7
DA:33,7
DA:34,7
DA:35,7
DA:36,7
DA:38,7
DA:39,7
DA:40,7
DA:41,7
DA:42,7
DA:43,7
DA:44,7
DA:46,7
DA:47,7
DA:48,7
DA:49,7
DA:50,7
DA:51,7
DA:52,7
DA:54,7
DA:55,7
DA:56,7
DA:57,7
DA:59,7
LF:43
LH:43
BRDA:12,0,0,7
BRF:1
BRH:1
end_of_record
TN:
SF:src/routes/guards/RouteGuards.tsx
FN:5,ProtectedRoute
FN:10,PublicOnlyRoute
FNF:2
FNH:2
FNDA:3,ProtectedRoute
FNDA:3,PublicOnlyRoute
DA:1,1
DA:5,1
DA:6,3
DA:7,3
DA:8,3
DA:10,1
DA:11,3
DA:12,3
DA:13,3
LF:9
LH:9
BRDA:5,0,0,3
BRDA:7,1,0,1
BRDA:7,2,0,2
BRDA:10,3,0,3
BRDA:12,4,0,1
BRDA:12,5,0,2
BRF:6
BRH:6
end_of_record
TN:
SF:src/store/chatStore.ts
FN:15,setMessages
FNF:1
FNH:1
FNDA:6,setMessages
DA:1,1
DA:11,1
DA:13,1
DA:15,1
DA:16,1
LF:5
LH:5
BRDA:11,0,0,1
BRDA:15,1,0,6
BRF:2
BRH:2
end_of_record
TN:
SF:src/store/useAuth.ts
FN:52,setTokens
FN:62,logout
FN:72,clear
FNF:3
FNH:3
FNDA:6,setTokens
FNDA:2,logout
FNDA:1,clear
DA:1,1
DA:42,1
DA:44,1
DA:45,1
DA:52,1
DA:53,6
DA:54,6
DA:55,6
DA:56,6
DA:62,1
DA:63,2
DA:64,2
DA:65,2
DA:66,2
DA:67,2
DA:72,1
DA:74,1
DA:75,1
DA:76,1
DA:77,1
DA:78,1
DA:79,1
LF:22
LH:22
BRDA:42,0,0,1
BRDA:52,1,0,6
BRDA:62,2,0,2
BRDA:72,3,0,1
BRF:4
BRH:4
end_of_record
TN:
SF:src/store/userStore.ts
FN:6,loadUsername
FN:22,getUsername
FN:26,loadPublicKey
FN:40,getPublicKey
FNF:4
FNH:4
FNDA:4,loadUsername
FNDA:1,getUsername
FNDA:5,loadPublicKey
FNDA:1,getPublicKey
DA:1,1
DA:4,1
DA:6,1
DA:7,4
DA:8,4
DA:9,4
DA:10,4
DA:11,4
DA:12,4
DA:13,3
DA:14,3
DA:16,3
DA:17,4
DA:18,1
DA:19,1
DA:20,4
DA:22,1
DA:24,1
DA:26,1
DA:27,5
DA:28,5
DA:29,5
DA:30,5
DA:31,5
DA:32,5
DA:33,4
DA:34,4
DA:35,5
DA:36,1
DA:37,1
DA:38,5
DA:40,1
LF:32
LH:32
BRDA:6,0,0,4
BRDA:12,1,0,3
BRDA:17,2,0,1
BRDA:22,3,0,1
BRDA:26,4,0,5
BRDA:32,5,0,4
BRDA:35,6,0,1
BRDA:40,7,0,1
BRF:8
BRH:8
end_of_record
