TN:
SF:src/App.tsx
FN:6,AppContent
FN:20,App
FNF:2
FNH:2
FNDA:5,AppContent
FNDA:5,App
DA:1,1
DA:6,5
DA:7,5
DA:10,5
DA:12,5
DA:13,5
DA:14,5
DA:15,5
DA:16,5
DA:18,5
DA:20,5
DA:21,5
DA:22,5
DA:23,5
DA:24,5
DA:26,5
LF:16
LH:16
BRDA:6,0,0,5
BRDA:20,1,0,5
BRF:2
BRH:2
end_of_record
TN:
SF:src/main.tsx
FN:1,(empty-report)
FNF:1
FNH:0
FNDA:0,(empty-report)
DA:1,0
DA:2,0
DA:3,0
DA:4,0
DA:6,0
DA:7,0
DA:8,0
DA:9,0
DA:10,0
DA:11,0
LF:10
LH:0
BRDA:1,0,0,0
BRF:1
BRH:0
end_of_record
TN:
SF:src/types.ts
FN:1,(empty-report)
FNF:1
FNH:1
FNDA:1,(empty-report)
LF:0
LH:0
BRDA:1,0,0,1
BRF:1
BRH:1
end_of_record
TN:
SF:src/components/Header/Header.tsx
FN:5,Header
FN:9,handleLogout
FNF:2
FNH:2
FNDA:7,Header
FNDA:1,handleLogout
DA:1,1
DA:5,1
DA:6,7
DA:7,7
DA:9,7
DA:10,1
DA:11,1
DA:12,1
DA:14,7
DA:15,7
DA:16,7
DA:17,7
DA:18,7
DA:19,4
DA:20,4
DA:22,4
DA:23,4
DA:25,4
DA:26,4
DA:28,7
DA:29,3
DA:30,3
DA:32,3
DA:33,3
DA:35,3
DA:36,3
DA:38,3
DA:39,3
DA:41,3
DA:42,3
DA:44,7
DA:45,7
DA:47,7
LF:33
LH:33
BRDA:5,0,0,7
BRDA:18,1,0,4
BRDA:28,2,0,3
BRDA:9,3,0,1
BRF:4
BRH:4
end_of_record
TN:
SF:src/components/RequireAuth/RequireAuth.tsx
FN:31,RequireAuth
FNF:1
FNH:1
FNDA:9,RequireAuth
DA:1,1
DA:31,1
DA:32,9
DA:33,9
DA:35,9
DA:36,9
DA:37,9
DA:44,9
DA:45,8
DA:46,4
DA:47,4
DA:48,9
DA:51,9
DA:52,9
LF:14
LH:14
BRDA:31,0,0,9
BRDA:51,1,0,5
BRDA:44,2,0,8
BRDA:45,3,0,4
BRF:4
BRH:4
end_of_record
TN:
SF:src/components/SetupTOTP/SetupTOTP.tsx
FN:7,SetupTOTP
FN:29,onClick
FNF:2
FNH:2
FNDA:8,SetupTOTP
FNDA:1,onClick
DA:1,1
DA:7,8
DA:8,8
DA:9,8
DA:11,8
DA:12,0
DA:13,0
DA:15,8
DA:16,8
DA:17,8
DA:18,8
DA:19,8
DA:20,8
DA:21,8
DA:22,8
DA:23,8
DA:24,8
DA:25,8
DA:27,8
DA:28,8
DA:29,8
DA:31,8
DA:32,8
DA:33,8
DA:35,8
LF:25
LH:23
BRDA:7,0,0,8
BRDA:11,1,0,0
BRDA:29,2,0,1
BRF:3
BRH:2
end_of_record
TN:
SF:src/components/Toast/Toast.tsx
FN:38,Toast
FNF:1
FNH:1
FNDA:2,Toast
DA:1,1
DA:38,2
DA:39,2
DA:40,2
DA:41,2
DA:42,2
DA:43,2
DA:44,2
DA:45,2
DA:46,2
DA:47,1
DA:49,1
DA:51,2
DA:53,2
LF:14
LH:14
BRDA:38,0,0,2
BRDA:46,1,0,1
BRF:2
BRH:2
end_of_record
TN:
SF:src/components/chat/GroupMessageBubble.tsx
FN:12,GroupMessageBubble
FNF:1
FNH:1
FNDA:16,GroupMessageBubble
DA:1,1
DA:12,16
DA:13,16
DA:14,16
DA:15,16
DA:16,16
DA:17,13
DA:18,13
DA:19,13
DA:21,16
DA:22,16
DA:23,16
DA:24,16
DA:25,16
DA:26,16
DA:27,16
DA:28,16
DA:29,16
DA:30,16
DA:31,16
DA:32,16
DA:34,16
LF:22
LH:22
BRDA:12,0,0,16
BRDA:14,1,0,3
BRDA:14,2,0,13
BRDA:15,3,0,3
BRDA:15,4,0,13
BRDA:15,5,0,3
BRDA:15,6,0,2
BRDA:15,7,0,1
BRDA:15,8,0,13
BRDA:16,9,0,13
BRDA:23,10,0,3
BRF:11
BRH:11
end_of_record
TN:
SF:src/components/chat/MessageBubble.tsx
FN:12,MessageBubble
FNF:1
FNH:1
FNDA:13,MessageBubble
DA:1,1
DA:12,13
DA:13,13
DA:14,13
DA:15,13
DA:16,13
DA:17,13
DA:18,13
DA:19,13
DA:20,13
DA:21,13
DA:22,13
DA:23,13
DA:24,13
DA:25,13
DA:26,13
DA:27,13
DA:29,13
LF:18
LH:18
BRDA:12,0,0,13
BRDA:14,1,0,2
BRDA:14,2,0,11
BRDA:15,3,0,2
BRDA:15,4,0,11
BRDA:15,5,0,3
BRDA:15,6,0,2
BRDA:15,7,0,1
BRDA:15,8,0,10
BRDA:18,9,0,3
BRF:10
BRH:10
end_of_record
TN:
SF:src/components/chat/MessageInput.tsx
FN:11,MessageInput
FN:14,handleSend
FN:27,onChange
FN:28,onKeyDown
FNF:4
FNH:4
FNDA:30,MessageInput
FNDA:9,handleSend
FNDA:10,onChange
FNDA:4,onKeyDown
DA:1,1
DA:3,1
DA:4,1
DA:5,1
DA:11,1
DA:12,30
DA:14,30
DA:15,9
DA:16,7
DA:17,7
DA:18,9
DA:20,30
DA:21,30
DA:22,30
DA:23,30
DA:24,30
DA:25,30
DA:26,30
DA:27,30
DA:28,30
DA:29,4
DA:30,2
DA:31,2
DA:32,4
DA:33,30
DA:34,30
DA:35,30
DA:36,30
DA:37,30
DA:39,30
DA:41,1
LF:31
LH:31
BRDA:11,0,0,30
BRDA:14,1,0,9
BRDA:15,2,0,2
BRDA:15,3,0,7
BRDA:27,4,0,10
BRDA:28,5,0,4
BRDA:29,6,0,2
BRF:7
BRH:7
end_of_record
TN:
SF:src/components/chat/SignToggle.tsx
FN:12,SignToggle
FN:19,onChange
FNF:2
FNH:2
FNDA:11,SignToggle
FNDA:4,onChange
DA:1,1
DA:12,11
DA:13,11
DA:14,11
DA:15,11
DA:16,11
DA:17,11
DA:18,11
DA:19,11
DA:20,11
DA:21,11
DA:22,11
DA:23,11
DA:25,11
DA:26,11
DA:28,11
LF:16
LH:16
BRDA:12,0,0,11
BRDA:19,1,0,4
BRF:2
BRH:2
end_of_record
TN:
SF:src/components/layout/NavBar.tsx
FN:8,NavBar
FN:12,handleLogout
FN:22,className
FNF:3
FNH:3
FNDA:8,NavBar
FNDA:1,handleLogout
FNDA:8,className
DA:1,1
DA:8,8
DA:9,8
DA:10,8
DA:12,8
DA:13,1
DA:14,1
DA:15,1
DA:17,8
DA:18,8
DA:19,8
DA:20,8
DA:21,8
DA:22,8
DA:23,8
DA:25,8
DA:27,8
DA:28,8
DA:29,8
DA:31,8
DA:32,8
DA:34,8
LF:22
LH:22
BRDA:8,0,0,8
BRDA:9,1,0,8
BRDA:12,2,0,1
BRDA:22,3,0,8
BRDA:23,4,0,0
BRF:5
BRH:4
end_of_record
TN:
SF:src/components/layout/Sidebar.tsx
FN:12,Sidebar
FN:30,onClick
FNF:2
FNH:2
FNDA:15,Sidebar
FNDA:3,onClick
DA:1,1
DA:12,15
DA:13,15
DA:15,15
DA:16,15
DA:17,15
DA:18,15
DA:20,15
DA:21,15
DA:22,15
DA:23,38
DA:24,38
DA:25,38
DA:26,37
DA:27,37
DA:28,37
DA:29,38
DA:30,38
DA:32,38
DA:33,38
DA:34,38
DA:36,15
DA:37,15
DA:38,15
DA:40,15
LF:25
LH:25
BRDA:12,0,0,15
BRDA:22,1,0,38
BRDA:25,2,0,1
BRDA:25,3,0,37
BRDA:29,4,0,14
BRDA:29,5,0,23
BRDA:30,6,0,3
BRF:7
BRH:7
end_of_record
TN:
SF:src/constants/validatros.ts
FN:19,validateEmail
FNF:1
FNH:1
FNDA:16,validateEmail
DA:19,1
DA:20,16
LF:2
LH:2
BRDA:19,0,0,16
BRF:1
BRH:1
end_of_record
TN:
SF:src/lib/api.ts
FN:35,signup
FN:46,signin
FNF:2
FNH:0
FNDA:0,signup
FNDA:0,signin
DA:1,1
DA:3,1
DA:4,1
DA:5,1
DA:8,1
DA:9,1
DA:10,0
DA:11,0
DA:12,0
DA:13,0
DA:14,0
DA:15,0
DA:16,1
DA:17,0
DA:18,0
DA:19,1
DA:22,1
DA:23,1
DA:24,1
DA:25,0
DA:27,0
DA:28,0
DA:30,0
DA:31,0
DA:32,0
DA:33,1
DA:35,1
DA:36,0
DA:37,0
DA:38,0
DA:39,0
DA:40,0
DA:41,0
DA:42,0
DA:43,0
DA:44,0
DA:46,1
DA:47,0
DA:49,1
DA:50,1
LF:40
LH:16
BRF:0
BRH:0
end_of_record
TN:
SF:src/lib/logger.ts
FN:22,redact
FN:39,devLog
FN:51,devWarn
FN:61,devError
FNF:4
FNH:4
FNDA:7,redact
FNDA:5,devLog
FNDA:2,devWarn
FNDA:2,devError
DA:6,1
DA:7,1
DA:8,1
DA:9,1
DA:10,1
DA:11,1
DA:12,1
DA:13,1
DA:14,1
DA:15,1
DA:16,1
DA:17,1
DA:22,7
DA:23,7
DA:24,7
DA:26,7
DA:27,7
DA:28,31
DA:29,19
DA:30,19
DA:31,12
DA:32,7
DA:33,7
DA:34,7
DA:39,1
DA:40,5
DA:41,5
DA:42,8
DA:43,5
DA:44,5
DA:45,5
DA:46,5
DA:51,1
DA:52,2
DA:53,4
DA:54,2
DA:55,2
DA:56,2
DA:61,1
DA:62,2
DA:63,2
DA:64,2
DA:65,2
DA:66,2
LF:44
LH:44
BRDA:22,0,0,7
BRDA:23,1,0,0
BRDA:24,2,0,0
BRDA:27,3,0,31
BRDA:28,4,0,19
BRDA:30,5,0,12
BRDA:39,6,0,5
BRDA:41,7,0,8
BRDA:42,8,0,4
BRDA:42,9,0,3
BRDA:42,10,0,5
BRDA:51,11,0,2
BRDA:52,12,0,4
BRDA:53,13,0,2
BRDA:53,14,0,2
BRDA:53,15,0,2
BRDA:61,16,0,2
BRDA:62,17,0,2
BRDA:63,18,0,0
BRF:19
BRH:16
end_of_record
TN:
SF:src/pages/Chat/GroupChatPage.tsx
FN:1,(empty-report)
FNF:1
FNH:0
FNDA:0,(empty-report)
DA:1,0
DA:12,0
DA:13,0
DA:14,0
DA:15,0
DA:16,0
DA:18,0
DA:19,0
DA:20,0
DA:21,0
DA:22,0
DA:24,0
DA:25,0
DA:27,0
DA:28,0
DA:29,0
DA:30,0
DA:31,0
DA:32,0
DA:33,0
DA:35,0
DA:36,0
DA:37,0
DA:38,0
DA:39,0
DA:41,0
DA:42,0
DA:43,0
DA:45,0
DA:46,0
DA:47,0
DA:48,0
DA:49,0
DA:50,0
DA:51,0
DA:52,0
DA:53,0
DA:55,0
DA:56,0
DA:57,0
DA:58,0
DA:59,0
DA:60,0
DA:61,0
DA:62,0
DA:63,0
DA:64,0
DA:65,0
DA:66,0
DA:67,0
DA:68,0
DA:69,0
DA:70,0
DA:71,0
DA:72,0
DA:74,0
DA:75,0
DA:76,0
DA:77,0
DA:78,0
DA:79,0
DA:80,0
DA:82,0
DA:83,0
DA:84,0
DA:85,0
DA:86,0
DA:87,0
DA:88,0
DA:90,0
DA:91,0
DA:92,0
DA:93,0
DA:94,0
DA:95,0
DA:96,0
DA:98,0
DA:99,0
DA:100,0
DA:101,0
DA:102,0
DA:103,0
DA:104,0
DA:106,0
DA:107,0
DA:108,0
DA:109,0
DA:110,0
DA:111,0
DA:112,0
DA:113,0
DA:115,0
DA:116,0
DA:117,0
DA:119,0
DA:120,0
DA:121,0
DA:122,0
DA:123,0
DA:125,0
DA:126,0
DA:127,0
DA:128,0
DA:129,0
DA:130,0
DA:131,0
DA:132,0
DA:133,0
DA:134,0
DA:135,0
DA:136,0
DA:137,0
DA:138,0
DA:139,0
DA:141,0
DA:143,0
DA:144,0
DA:145,0
DA:146,0
DA:147,0
DA:148,0
DA:149,0
DA:150,0
DA:151,0
DA:152,0
DA:153,0
DA:154,0
DA:155,0
DA:156,0
DA:157,0
DA:158,0
DA:159,0
DA:160,0
DA:161,0
DA:162,0
DA:163,0
DA:164,0
DA:165,0
DA:166,0
DA:167,0
DA:168,0
DA:169,0
DA:170,0
DA:171,0
DA:172,0
DA:173,0
DA:174,0
DA:175,0
DA:176,0
DA:177,0
DA:178,0
DA:179,0
DA:180,0
DA:181,0
DA:182,0
DA:183,0
DA:184,0
DA:185,0
DA:187,0
DA:188,0
DA:189,0
DA:190,0
DA:191,0
DA:192,0
DA:193,0
DA:194,0
DA:195,0
DA:196,0
DA:198,0
DA:199,0
DA:200,0
DA:201,0
DA:204,0
DA:205,0
DA:207,0
DA:209,0
DA:210,0
DA:211,0
DA:212,0
DA:213,0
DA:214,0
DA:215,0
DA:216,0
DA:217,0
DA:218,0
DA:219,0
DA:220,0
DA:221,0
DA:222,0
DA:223,0
DA:224,0
DA:226,0
DA:227,0
DA:228,0
DA:230,0
DA:232,0
DA:233,0
DA:234,0
DA:235,0
DA:237,0
DA:238,0
DA:239,0
DA:240,0
DA:241,0
DA:242,0
DA:243,0
DA:244,0
DA:245,0
DA:246,0
DA:247,0
DA:248,0
DA:250,0
DA:251,0
DA:252,0
DA:253,0
DA:254,0
DA:255,0
DA:256,0
DA:257,0
DA:258,0
DA:259,0
DA:260,0
DA:261,0
DA:262,0
DA:263,0
DA:264,0
DA:265,0
DA:266,0
DA:267,0
DA:268,0
DA:269,0
DA:271,0
DA:272,0
DA:274,0
DA:275,0
DA:277,0
DA:278,0
DA:279,0
DA:280,0
DA:282,0
DA:283,0
DA:284,0
DA:285,0
DA:286,0
DA:287,0
DA:288,0
DA:289,0
DA:290,0
DA:291,0
DA:292,0
DA:294,0
DA:295,0
DA:296,0
DA:297,0
DA:298,0
DA:300,0
DA:301,0
DA:303,0
LF:258
LH:0
BRDA:1,0,0,0
BRF:1
BRH:0
end_of_record
TN:
SF:src/pages/Chat/P2PChatPage.tsx
FN:1,(empty-report)
FNF:1
FNH:0
FNDA:0,(empty-report)
DA:1,0
DA:14,0
DA:15,0
DA:17,0
DA:18,0
DA:19,0
DA:21,0
DA:22,0
DA:24,0
DA:25,0
DA:26,0
DA:27,0
DA:28,0
DA:29,0
DA:30,0
DA:31,0
DA:33,0
DA:34,0
DA:35,0
DA:36,0
DA:37,0
DA:38,0
DA:39,0
DA:40,0
DA:41,0
DA:42,0
DA:44,0
DA:45,0
DA:46,0
DA:47,0
DA:48,0
DA:49,0
DA:50,0
DA:51,0
DA:52,0
DA:53,0
DA:55,0
DA:56,0
DA:57,0
DA:58,0
DA:59,0
DA:60,0
DA:61,0
DA:62,0
DA:63,0
DA:64,0
DA:65,0
DA:66,0
DA:67,0
DA:68,0
DA:69,0
DA:70,0
DA:71,0
DA:72,0
DA:73,0
DA:74,0
DA:76,0
DA:77,0
DA:78,0
DA:79,0
DA:80,0
DA:82,0
DA:83,0
DA:84,0
DA:85,0
DA:87,0
DA:88,0
DA:89,0
DA:90,0
DA:91,0
DA:92,0
DA:93,0
DA:94,0
DA:95,0
DA:96,0
DA:97,0
DA:99,0
DA:100,0
DA:101,0
DA:102,0
DA:103,0
DA:105,0
DA:106,0
DA:108,0
LF:84
LH:0
BRDA:1,0,0,0
BRF:1
BRH:0
end_of_record
TN:
SF:src/pages/Login/Login.tsx
FN:1,(empty-report)
FNF:1
FNH:0
FNDA:0,(empty-report)
DA:1,0
DA:32,0
DA:34,0
DA:35,0
DA:36,0
DA:39,0
DA:40,0
DA:42,0
DA:43,0
DA:48,0
DA:49,0
DA:50,0
DA:51,0
DA:52,0
DA:53,0
DA:64,0
DA:66,0
DA:69,0
DA:70,0
DA:71,0
DA:72,0
DA:73,0
DA:74,0
DA:75,0
DA:76,0
DA:77,0
DA:78,0
DA:79,0
DA:80,0
DA:81,0
DA:82,0
DA:83,0
DA:84,0
DA:85,0
DA:86,0
DA:87,0
DA:88,0
DA:91,0
DA:92,0
DA:93,0
DA:95,0
DA:98,0
DA:99,0
DA:100,0
DA:103,0
DA:105,0
DA:106,0
DA:109,0
DA:110,0
DA:111,0
DA:112,0
DA:113,0
DA:114,0
DA:115,0
DA:116,0
DA:117,0
DA:118,0
DA:120,0
DA:121,0
DA:122,0
DA:123,0
DA:125,0
DA:126,0
DA:127,0
DA:128,0
DA:129,0
DA:130,0
DA:131,0
DA:132,0
DA:133,0
DA:134,0
DA:135,0
DA:136,0
DA:137,0
DA:138,0
DA:139,0
DA:140,0
DA:141,0
DA:142,0
DA:144,0
DA:145,0
DA:146,0
DA:147,0
DA:148,0
DA:150,0
DA:151,0
DA:152,0
DA:154,0
DA:155,0
DA:156,0
DA:157,0
DA:158,0
DA:159,0
DA:161,0
DA:163,0
LF:95
LH:0
BRDA:1,0,0,0
BRF:1
BRH:0
end_of_record
TN:
SF:src/pages/OAuthCallback/OAuthCallback.tsx
FN:6,OAuthCallback
FNF:1
FNH:1
FNDA:5,OAuthCallback
DA:1,1
DA:6,5
DA:7,5
DA:8,5
DA:10,5
DA:11,5
DA:12,5
DA:13,5
DA:15,5
DA:16,1
DA:17,1
DA:19,1
DA:20,5
DA:21,4
DA:22,4
DA:23,5
DA:25,5
DA:26,5
LF:18
LH:18
BRDA:6,0,0,5
BRDA:10,1,0,5
BRDA:15,2,0,2
BRDA:15,3,0,1
BRDA:20,4,0,4
BRF:5
BRH:5
end_of_record
TN:
SF:src/pages/Other/RequestInterface.tsx
FN:1,(empty-report)
FNF:1
FNH:0
FNDA:0,(empty-report)
DA:1,0
DA:8,0
DA:9,0
DA:10,0
DA:12,0
DA:13,0
DA:14,0
DA:15,0
DA:17,0
DA:18,0
DA:20,0
DA:21,0
DA:22,0
DA:24,0
DA:25,0
DA:26,0
DA:27,0
DA:28,0
DA:29,0
DA:30,0
DA:31,0
DA:32,0
DA:33,0
DA:34,0
DA:35,0
DA:36,0
DA:37,0
DA:38,0
DA:39,0
DA:40,0
DA:41,0
DA:42,0
DA:43,0
DA:44,0
DA:45,0
DA:46,0
DA:47,0
DA:48,0
DA:50,0
DA:51,0
DA:52,0
DA:53,0
DA:55,0
DA:56,0
DA:59,0
DA:60,0
DA:61,0
DA:62,0
DA:63,0
DA:65,0
DA:66,0
DA:67,0
DA:68,0
DA:69,0
DA:70,0
DA:71,0
DA:72,0
DA:74,0
DA:75,0
DA:76,0
DA:77,0
DA:78,0
DA:79,0
DA:80,0
DA:81,0
DA:82,0
DA:83,0
DA:84,0
DA:85,0
DA:86,0
DA:87,0
DA:88,0
DA:90,0
DA:93,0
DA:94,0
DA:95,0
DA:96,0
DA:97,0
DA:98,0
DA:99,0
DA:100,0
DA:101,0
DA:102,0
DA:103,0
DA:104,0
DA:105,0
DA:106,0
DA:107,0
DA:108,0
DA:109,0
DA:110,0
DA:111,0
DA:112,0
DA:113,0
DA:114,0
DA:116,0
DA:117,0
DA:119,0
DA:121,0
DA:122,0
DA:123,0
DA:124,0
DA:125,0
DA:126,0
DA:127,0
DA:128,0
DA:129,0
DA:130,0
DA:131,0
DA:132,0
DA:133,0
DA:134,0
DA:135,0
DA:136,0
DA:137,0
DA:139,0
DA:140,0
DA:141,0
DA:144,0
DA:145,0
DA:146,0
DA:147,0
DA:148,0
DA:149,0
DA:150,0
DA:151,0
DA:152,0
DA:153,0
DA:154,0
DA:155,0
DA:156,0
DA:157,0
DA:158,0
DA:159,0
DA:160,0
DA:161,0
DA:162,0
DA:163,0
DA:164,0
DA:165,0
DA:167,0
DA:168,0
DA:170,0
DA:172,0
DA:173,0
DA:174,0
DA:175,0
DA:176,0
DA:177,0
DA:178,0
DA:179,0
DA:180,0
DA:181,0
DA:182,0
DA:183,0
DA:184,0
DA:185,0
DA:186,0
DA:187,0
DA:189,0
DA:190,0
DA:192,0
DA:194,0
DA:195,0
DA:196,0
DA:197,0
DA:198,0
DA:199,0
DA:200,0
DA:201,0
DA:202,0
DA:203,0
DA:204,0
DA:205,0
DA:206,0
DA:207,0
DA:208,0
DA:209,0
DA:210,0
DA:212,0
DA:213,0
DA:214,0
DA:217,0
DA:218,0
DA:219,0
DA:220,0
DA:221,0
DA:222,0
DA:223,0
DA:225,0
DA:226,0
DA:227,0
DA:228,0
DA:229,0
DA:231,0
DA:232,0
DA:233,0
DA:234,0
DA:235,0
DA:237,0
DA:238,0
DA:239,0
DA:240,0
DA:241,0
DA:243,0
DA:244,0
DA:247,0
DA:248,0
DA:249,0
DA:250,0
DA:251,0
DA:252,0
DA:253,0
DA:255,0
LF:214
LH:0
BRDA:1,0,0,0
BRF:1
BRH:0
end_of_record
TN:
SF:src/pages/SignUp/Signup.tsx
FN:1,(empty-report)
FNF:1
FNH:0
FNDA:0,(empty-report)
DA:1,0
DA:10,0
DA:12,0
DA:13,0
DA:16,0
DA:17,0
DA:18,0
DA:21,0
DA:22,0
DA:24,0
DA:25,0
DA:28,0
DA:29,0
DA:30,0
DA:31,0
DA:32,0
DA:33,0
DA:34,0
DA:40,0
DA:42,0
DA:45,0
DA:46,0
DA:47,0
DA:48,0
DA:49,0
DA:50,0
DA:51,0
DA:52,0
DA:53,0
DA:54,0
DA:55,0
DA:56,0
DA:57,0
DA:58,0
DA:59,0
DA:62,0
DA:63,0
DA:64,0
DA:65,0
DA:66,0
DA:67,0
DA:68,0
DA:69,0
DA:70,0
DA:72,0
DA:75,0
DA:78,0
DA:79,0
DA:80,0
DA:81,0
DA:82,0
DA:83,0
DA:84,0
DA:85,0
DA:86,0
DA:87,0
DA:89,0
DA:90,0
DA:91,0
DA:92,0
DA:93,0
DA:96,0
DA:97,0
DA:98,0
DA:100,0
DA:101,0
DA:102,0
DA:103,0
DA:106,0
DA:107,0
DA:108,0
DA:109,0
DA:110,0
DA:111,0
DA:112,0
DA:113,0
DA:114,0
DA:115,0
DA:116,0
DA:117,0
DA:118,0
DA:119,0
DA:121,0
DA:124,0
DA:125,0
DA:126,0
DA:127,0
DA:129,0
DA:130,0
DA:133,0
DA:134,0
DA:135,0
DA:136,0
DA:137,0
DA:138,0
DA:139,0
DA:140,0
DA:141,0
DA:143,0
DA:144,0
DA:145,0
DA:146,0
DA:147,0
DA:148,0
DA:150,0
DA:151,0
DA:153,0
DA:156,0
DA:157,0
DA:158,0
DA:159,0
DA:160,0
DA:161,0
DA:163,0
DA:165,0
LF:115
LH:0
BRDA:1,0,0,0
BRF:1
BRH:0
end_of_record
TN:
SF:src/routes/AppRoutes.tsx
FN:1,(empty-report)
FNF:1
FNH:0
FNDA:0,(empty-report)
DA:1,0
DA:12,0
DA:13,0
DA:14,0
DA:15,0
DA:16,0
DA:17,0
DA:18,0
DA:19,0
DA:20,0
DA:22,0
DA:23,0
DA:24,0
DA:25,0
DA:26,0
DA:27,0
DA:28,0
DA:30,0
DA:31,0
DA:32,0
DA:33,0
DA:34,0
DA:35,0
DA:36,0
DA:38,0
DA:39,0
DA:40,0
DA:41,0
DA:42,0
DA:43,0
DA:44,0
DA:46,0
DA:47,0
DA:48,0
DA:49,0
DA:50,0
DA:51,0
DA:52,0
DA:54,0
DA:55,0
DA:56,0
DA:57,0
DA:59,0
LF:43
LH:0
BRDA:1,0,0,0
BRF:1
BRH:0
end_of_record
TN:
SF:src/routes/guards/RouteGuards.tsx
FN:5,ProtectedRoute
FN:10,PublicOnlyRoute
FNF:2
FNH:2
FNDA:3,ProtectedRoute
FNDA:3,PublicOnlyRoute
DA:1,1
DA:5,1
DA:6,3
DA:7,3
DA:8,3
DA:10,1
DA:11,3
DA:12,3
DA:13,3
LF:9
LH:9
BRDA:5,0,0,3
BRDA:7,1,0,1
BRDA:7,2,0,2
BRDA:10,3,0,3
BRDA:12,4,0,1
BRDA:12,5,0,2
BRF:6
BRH:6
end_of_record
TN:
SF:src/store/chatStore.ts
FN:15,setMessages
FNF:1
FNH:1
FNDA:6,setMessages
DA:1,1
DA:11,1
DA:13,1
DA:15,1
DA:16,1
LF:5
LH:5
BRDA:11,0,0,1
BRDA:15,1,0,6
BRF:2
BRH:2
end_of_record
TN:
SF:src/store/useAuth.ts
FN:52,setTokens
FN:62,logout
FN:72,clear
FNF:3
FNH:3
FNDA:6,setTokens
FNDA:2,logout
FNDA:1,clear
DA:1,1
DA:42,1
DA:44,1
DA:45,1
DA:52,1
DA:53,6
DA:54,6
DA:55,6
DA:56,6
DA:62,1
DA:63,2
DA:64,2
DA:65,2
DA:66,2
DA:67,2
DA:72,1
DA:74,1
DA:75,1
DA:76,1
DA:77,1
DA:78,1
DA:79,1
LF:22
LH:22
BRDA:42,0,0,1
BRDA:52,1,0,6
BRDA:62,2,0,2
BRDA:72,3,0,1
BRF:4
BRH:4
end_of_record
TN:
SF:src/store/userStore.ts
FN:6,loadUsername
FN:22,getUsername
FN:26,loadPublicKey
FN:40,getPublicKey
FNF:4
FNH:4
FNDA:4,loadUsername
FNDA:1,getUsername
FNDA:5,loadPublicKey
FNDA:1,getPublicKey
DA:1,1
DA:4,1
DA:6,1
DA:7,4
DA:8,4
DA:9,4
DA:10,4
DA:11,4
DA:12,4
DA:13,3
DA:14,3
DA:16,3
DA:17,4
DA:18,1
DA:19,1
DA:20,4
DA:22,1
DA:24,1
DA:26,1
DA:27,5
DA:28,5
DA:29,5
DA:30,5
DA:31,5
DA:32,5
DA:33,4
DA:34,4
DA:35,5
DA:36,1
DA:37,1
DA:38,5
DA:40,1
LF:32
LH:32
BRDA:6,0,0,4
BRDA:12,1,0,3
BRDA:17,2,0,1
BRDA:22,3,0,1
BRDA:26,4,0,5
BRDA:32,5,0,4
BRDA:35,6,0,1
BRDA:40,7,0,1
BRF:8
BRH:8
end_of_record
